#
# An unexpected error has been detected by HotSpot Virtual Machine:
#
#  EXCEPTION_ACCESS_VIOLATION (0xc0000005) at pc=0x6d7317cb, pid=4644, tid=4372
#
# Java VM: Java HotSpot(TM) Client VM (1.5.0_02-b09 mixed mode)
# Problematic frame:
# V  [jvm.dll+0x817cb]
#

---------------  T H R E A D  ---------------

Current thread (0x01801ba8):  JavaThread  [_thread_in_vm, id=4372]

siginfo: ExceptionCode=0xc0000005, reading address 0x00000000

Registers:
EAX=0x0006fa0c, EBX=0x01802ba0, ECX=0x01801ba8, EDX=0x0006fa28
ESP=0x0006f950, EBP=0x0006f9a4, ESI=0x01801ba8, EDI=0x00000000
EIP=0x6d7317cb, EFLAGS=0x00010216

Top of Stack: (sp=0x0006f950)
0x0006f950:   00000000 01801ba8 01802ba0 002e8888
0x0006f960:   01801ba8 0094af67 0006fa10 6d7a1a23
0x0006f970:   0000013e 0094af67 0006fa10 6d77b51d
0x0006f980:   002e8888 6d7a1a61 0000002a 01801ba8
0x0006f990:   01802b7c 00000000 00000050 00000015
0x0006f9a0:   00000000 0006f9e8 6d784989 0006fa80
0x0006f9b0:   0006fa0c 0006fa24 01801ba8 00000000
0x0006f9c0:   01801ba8 01802ba0 00000000 01801ba8 

Instructions: (pc=0x6d7317cb)
0x6d7317bb:   14 c3 55 8b ec 83 ec 48 8b 45 0c 53 56 57 8b 38
0x6d7317cb:   8b 0f e8 25 73 04 00 85 c0 0f 85 61 01 00 00 57 


Stack: [0x00030000,0x00070000),  sp=0x0006f950,  free space=254k
Native frames: (J=compiled Java code, j=interpreted, Vv=VM code, C=native code)
V  [jvm.dll+0x817cb]
V  [jvm.dll+0xd4989]
V  [jvm.dll+0x817b9]


---------------  P R O C E S S  ---------------

Java Threads: ( => current thread )

Other Threads:

VM state:not at safepoint (not fully initilizated)

VM Mutex/Monitor currently owned by a thread: None

Heap
 def new generation   total 576K, used 0K [0x038f0000, 0x03990000, 0x03dd0000)
  eden space 512K,   0% used [0x038f0000, 0x038f0000, 0x03970000)
  from space 64K,   0% used [0x03970000, 0x03970000, 0x03980000)
  to   space 64K,   0% used [0x03980000, 0x03980000, 0x03990000)
 tenured generation   total 1408K, used 0K [0x03dd0000, 0x03f30000, 0x078f0000)
   the space 1408K,   0% used [0x03dd0000, 0x03dd0000, 0x03dd0200, 0x03f30000)
 compacting perm gen  total 8192K, used 53K [0x078f0000, 0x080f0000, 0x0b8f0000)
   the space 8192K,   0% used [0x078f0000, 0x078fd790, 0x078fd800, 0x080f0000)
No shared spaces configured.

Dynamic libraries:
0x00400000 - 0x0040c000 	D:\java\j2sdk1.5.0\bin\javaw.exe
0x779d0000 - 0x77b0d000 	C:\Windows\SYSTEM32\ntdll.dll
0x75f10000 - 0x75fe4000 	C:\Windows\system32\kernel32.dll
0x75d40000 - 0x75d8a000 	C:\Windows\system32\KERNELBASE.dll
0x761c0000 - 0x76260000 	C:\Windows\system32\ADVAPI32.dll
0x77700000 - 0x777ac000 	C:\Windows\system32\msvcrt.dll
0x77b50000 - 0x77b69000 	C:\Windows\SYSTEM32\sechost.dll
0x76110000 - 0x761b1000 	C:\Windows\system32\RPCRT4.dll
0x76040000 - 0x76109000 	C:\Windows\system32\USER32.dll
0x77bb0000 - 0x77bfe000 	C:\Windows\system32\GDI32.dll
0x75f00000 - 0x75f0a000 	C:\Windows\system32\LPK.dll
0x76640000 - 0x766dd000 	C:\Windows\system32\USP10.dll
0x77b70000 - 0x77b8f000 	C:\Windows\system32\IMM32.DLL
0x76570000 - 0x7663c000 	C:\Windows\system32\MSCTF.dll
0x6d6b0000 - 0x6d835000 	D:\java\j2sdk1.5.0\jre\bin\client\jvm.dll
0x73d80000 - 0x73db2000 	C:\Windows\system32\WINMM.dll
0x75aa0000 - 0x75aeb000 	C:\Windows\system32\apphelp.dll
0x6d2f0000 - 0x6d2f8000 	D:\java\j2sdk1.5.0\jre\bin\hpi.dll
0x77ba0000 - 0x77ba5000 	C:\Windows\system32\PSAPI.DLL
0x6d680000 - 0x6d68c000 	D:\java\j2sdk1.5.0\jre\bin\verify.dll
0x6d370000 - 0x6d38d000 	D:\java\j2sdk1.5.0\jre\bin\java.dll
0x6d6a0000 - 0x6d6af000 	D:\java\j2sdk1.5.0\jre\bin\zip.dll

VM Arguments:
jvm_args: -Dfile.encoding=GBK -Xbootclasspath:F:\javalibs\androidSDK\platforms\android-8\android.jar
java_command: com.zerodo.test

Environment Variables:
JAVA_HOME=D:\java\j2sdk1.5.0
PATH=C:/Program Files/Java/jre6/bin/client;C:/Program Files/Java/jre6/bin;C:/Program Files/Java/jre6/lib/i386;d:\oracle\product\10.2.0\db_1\bin;C:\Windows\system32;C:\Windows;C:\Windows\System32\Wbem;C:\Windows\System32\WindowsPowerShell\v1.0\;D:\java\j2sdk1.5.0\bin;D:\java\apache-ant\bin;C:\Program Files\Microsoft SQL Server\80\Tools\BINN;C:\Program Files\Common Files\Thunder Network\KanKan\Codecs;C:\Program Files\Intel\DMIX;C:\Program Files\Intel\WiFi\bin\;C:\Program Files\Common Files\Intel\WirelessCommon\;C:\Program Files\ATI Technologies\ATI.ACE\Core-Static;f:\tomcat-6.0\bin;F:\javalibs\androidSDK\tools;C:\Program Files\nodejs\;C:\Users\Administrator\AppData\Roaming\npm\
USERNAME=Administrator
OS=Windows_NT
PROCESSOR_IDENTIFIER=x86 Family 6 Model 23 Stepping 6, GenuineIntel


---------------  S Y S T E M  ---------------

OS: Windows NT 6.1 Build 7600 

CPU:total 2 family 6, cmov, cx8, fxsr, mmx, sse, sse2, ht

Memory: 4k page, physical 2097151k(1178152k free), swap 4194303k(1952868k free)

vm_info: Java HotSpot(TM) Client VM (1.5.0_02-b09) for windows-x86, built on Mar  4 2005 01:53:53 by "java_re" with MS VC++ 6.0

